<?xml version="1.0" encoding="UTF-8"?>
<!-- Generated by org.testng.reporters.JUnitXMLReporter -->
<testsuite ignored="0" hostname="DESKTOP-EPJCRCR" failures="1" tests="1" name="edge Test" time="1.072" errors="0" timestamp="2025-05-10T11:17:48 IST">
  <testcase classname="org.suit.crossbrowser" name="tc_1" time="0.995">
    <failure type="org.openqa.selenium.remote.NoSuchDriverException" message="Unable to obtain: msedgedriver, error Command failed with code: 65, executed: [--browser, MicrosoftEdge, --language-binding, java, --output, json]
error sending request for url (https://msedgedriver.azureedge.net/LATEST_RELEASE_136_WINDOWS)
Build info: version: &amp;apos;4.30.0&amp;apos;, revision: &amp;apos;509c7f17cc*&amp;apos;
System info: os.name: &amp;apos;Windows 10&amp;apos;, os.arch: &amp;apos;amd64&amp;apos;, os.version: &amp;apos;10.0&amp;apos;, java.version: &amp;apos;11.0.18&amp;apos;
Driver info: driver.version: EdgeDriver">
      <![CDATA[org.openqa.selenium.remote.NoSuchDriverException: Unable to obtain: msedgedriver, error Command failed with code: 65, executed: [--browser, MicrosoftEdge, --language-binding, java, --output, json]
error sending request for url (https://msedgedriver.azureedge.net/LATEST_RELEASE_136_WINDOWS)
Build info: version: '4.30.0', revision: '509c7f17cc*'
System info: os.name: 'Windows 10', os.arch: 'amd64', os.version: '10.0', java.version: '11.0.18'
Driver info: driver.version: EdgeDriver
at org.openqa.selenium.remote.service.DriverFinder.getBinaryPaths(DriverFinder.java:121)
at org.openqa.selenium.remote.service.DriverFinder.getDriverPath(DriverFinder.java:55)
at org.openqa.selenium.edge.EdgeDriver.generateExecutor(EdgeDriver.java:71)
at org.openqa.selenium.edge.EdgeDriver.<init>(EdgeDriver.java:60)
at org.openqa.selenium.edge.EdgeDriver.<init>(EdgeDriver.java:56)
at org.openqa.selenium.edge.EdgeDriver.<init>(EdgeDriver.java:48)
at org.openqa.selenium.edge.EdgeDriver.<init>(EdgeDriver.java:44)
at org.suit.crossbrowser.tc_1(crossbrowser.java:28)
at java.base/java.util.ArrayList.forEach(ArrayList.java:1541)
Caused by: org.openqa.selenium.WebDriverException: Command failed with code: 65, executed: [--browser, MicrosoftEdge, --language-binding, java, --output, json]
error sending request for url (https://msedgedriver.azureedge.net/LATEST_RELEASE_136_WINDOWS)
Build info: version: '4.30.0', revision: '509c7f17cc*'
System info: os.name: 'Windows 10', os.arch: 'amd64', os.version: '10.0', java.version: '11.0.18'
Driver info: driver.version: EdgeDriver
at org.openqa.selenium.manager.SeleniumManager.runCommand(SeleniumManager.java:173)
at org.openqa.selenium.manager.SeleniumManager.getBinaryPaths(SeleniumManager.java:254)
at org.openqa.selenium.remote.service.DriverFinder.getBinaryPaths(DriverFinder.java:102)
... 35 more
... Removed 27 stack frames]]>
    </failure>
  </testcase> <!-- tc_1 -->
</testsuite> <!-- edge Test -->
