<?xml version="1.0" encoding="UTF-8"?>
<!-- Generated by org.testng.reporters.JUnitXMLReporter -->
<testsuite ignored="0" hostname="DESKTOP-EPJCRCR" failures="0" tests="7" name="Test" time="10.659" errors="0" timestamp="2025-05-08T10:21:53 IST">
  <testcase classname="org.suit.face" name="tc4" time="4.708"/>
  <testcase classname="org.suit.face" name="tc6" time="2.96"/>
  <testcase classname="org.suit.face" name="tc6" time="1.204"/>
  <testcase classname="org.suit.face" name="tc6" time="1.361"/>
  <testcase classname="org.suit.Newtest" name="tc1" time="0.009"/>
  <testcase classname="org.suit.Newtest" name="tc2" time="0.01"/>
  <testcase classname="org.suit.Newtest" name="tc3" time="0.007"/>
</testsuite> <!-- Test -->
